# JRE version: Java(TM) SE Runtime Environment 18.9 (11.0.21+9) (build 11.0.21+9-LTS-193)
# Java VM: Java HotSpot(TM) 64-Bit Server VM 18.9 (11.0.21+9-LTS-193, mixed mode, tiered, compressed oops, g1 gc, windows-amd64)
Heap:
 garbage-first heap   total 131072K, used 52689K [0x0000000081c00000, 0x0000000100000000)
  region size 1024K, 48 young (49152K), 7 survivors (7168K)
 Metaspace       used 24585K, capacity 25626K, committed 25852K, reserved 1073152K
  class space    used 2585K, capacity 3007K, committed 3072K, reserved 1048576K
GC Heap History (8 events):
Event: 0.801 GC heap before
{Heap before GC invocations=0 (full 0):
 garbage-first heap   total 131072K, used 14336K [0x0000000081c00000, 0x0000000100000000)
  region size 1024K, 14 young (14336K), 0 survivors (0K)
 Metaspace       used 10366K, capacity 10554K, committed 10752K, reserved 1058816K
  class space    used 906K, capacity 941K, committed 1024K, reserved 1048576K
}
Event: 0.804 GC heap after
{Heap after GC invocations=1 (full 0):
 garbage-first heap   total 131072K, used 4115K [0x0000000081c00000, 0x0000000100000000)
  region size 1024K, 2 young (2048K), 2 survivors (2048K)
 Metaspace       used 10366K, capacity 10554K, committed 10752K, reserved 1058816K
  class space    used 906K, capacity 941K, committed 1024K, reserved 1048576K
}
Event: 1.090 GC heap before
{Heap before GC invocations=1 (full 0):
 garbage-first heap   total 131072K, used 14355K [0x0000000081c00000, 0x0000000100000000)
  region size 1024K, 12 young (12288K), 2 survivors (2048K)
 Metaspace       used 11653K, capacity 11918K, committed 12160K, reserved 1060864K
  class space    used 1014K, capacity 1117K, committed 1152K, reserved 1048576K
}
Event: 1.096 GC heap after
{Heap after GC invocations=2 (full 0):
 garbage-first heap   total 131072K, used 5437K [0x0000000081c00000, 0x0000000100000000)
  region size 1024K, 2 young (2048K), 2 survivors (2048K)
 Metaspace       used 11653K, capacity 11918K, committed 12160K, reserved 1060864K
  class space    used 1014K, capacity 1117K, committed 1152K, reserved 1048576K
}
Event: 1.757 GC heap before
{Heap before GC invocations=2 (full 0):
 garbage-first heap   total 131072K, used 35133K [0x0000000081c00000, 0x0000000100000000)
  region size 1024K, 31 young (31744K), 2 survivors (2048K)
 Metaspace       used 15297K, capacity 15559K, committed 15616K, reserved 1062912K
  class space    used 1385K, capacity 1480K, committed 1536K, reserved 1048576K
}
Event: 1.765 GC heap after
{Heap after GC invocations=3 (full 0):
 garbage-first heap   total 131072K, used 9830K [0x0000000081c00000, 0x0000000100000000)
  region size 1024K, 4 young (4096K), 4 survivors (4096K)
 Metaspace       used 15297K, capacity 15559K, committed 15616K, reserved 1062912K
  class space    used 1385K, capacity 1480K, committed 1536K, reserved 1048576K
}
Event: 2.387 GC heap before
{Heap before GC invocations=3 (full 0):
 garbage-first heap   total 131072K, used 44646K [0x0000000081c00000, 0x0000000100000000)
  region size 1024K, 39 young (39936K), 4 survivors (4096K)
 Metaspace       used 20628K, capacity 21228K, committed 21248K, reserved 1069056K
  class space    used 2082K, capacity 2286K, committed 2304K, reserved 1048576K
}
Event: 2.399 GC heap after
{Heap after GC invocations=4 (full 0):
 garbage-first heap   total 131072K, used 12753K [0x0000000081c00000, 0x0000000100000000)
  region size 1024K, 7 young (7168K), 7 survivors (7168K)
 Metaspace       used 20628K, capacity 21228K, committed 21248K, reserved 1069056K
  class space    used 2082K, capacity 2286K, committed 2304K, reserved 1048576K
}

